number,value,datetime_start,datetime_complete,duration,params_colsample_bytree,params_learning_rate,params_max_depth,params_min_child_samples,params_n_estimators,params_num_leaves,params_reg_alpha,params_reg_lambda,params_subsample,state
0,0.9871867072215059,2026-06-16 20:21:09.421166,2026-06-16 20:21:26.366285,0 days 00:00:16.945119,0.4348501673009197,0.1205712628744377,12,19,700,81,2.1423021757741068,0.10129197956845731,0.5779972601681014,COMPLETE
1,0.9862259641127773,2026-06-16 20:21:26.366285,2026-06-16 20:21:35.226870,0 days 00:00:08.860585,0.5100427059120604,0.2708160864249968,3,25,1200,158,0.0033205591037519565,0.042051564509138675,0.5909124836035503,COMPLETE
2,0.9871865361318763,2026-06-16 20:21:35.226870,2026-06-16 20:21:39.581500,0 days 00:00:04.354630,0.6736419905302216,0.08012737503998542,5,33,800,22,0.8431013932082461,0.0009962513222055108,0.6831809216468459,COMPLETE
3,0.9879932637977364,2026-06-16 20:21:39.581500,2026-06-16 20:21:51.868000,0 days 00:00:12.286500,0.9693313223519999,0.011711509955524094,8,21,900,83,6.732248920775331,1.1015056790269626,0.5325257964926398,COMPLETE
4,0.9882789837667328,2026-06-16 20:21:51.869000,2026-06-16 20:21:57.060679,0 days 00:00:05.191679,0.42063311266913106,0.1024932221692416,3,16,600,51,3.5204810455260365,0.0019674328025306126,0.7475884550556351,COMPLETE
5,0.988428423385789,2026-06-16 20:21:57.060679,2026-06-16 20:22:03.976281,0 days 00:00:06.915602,0.8650796940166687,0.05864129169696527,6,22,1100,70,4.9830438374949075,2.9794544625913595,0.9847923138822793,COMPLETE
6,0.9873377714857298,2026-06-16 20:22:03.976281,2026-06-16 20:22:20.810519,0 days 00:00:16.834238,0.6332063738136893,0.01351182947645082,12,9,1000,25,0.002273762810253686,1.3921548533046495,0.6626651653816322,COMPLETE
7,0.9868048930390728,2026-06-16 20:22:20.810519,2026-06-16 20:22:24.448820,0 days 00:00:03.638301,0.9921321619603104,0.06333268775321843,5,82,700,22,0.7264803074826727,0.0009853225172032562,0.5372753218398854,COMPLETE
8,0.9873173280770402,2026-06-16 20:22:24.448820,2026-06-16 20:22:27.203697,0 days 00:00:02.754877,0.6150794371265635,0.11069143219393454,11,79,300,117,0.00037961668958008145,2.0678409397839492,0.5370223258670452,COMPLETE
9,0.9875419470201625,2026-06-16 20:22:27.204697,2026-06-16 20:22:35.693309,0 days 00:00:08.488612,0.7825344828131279,0.012413189635294229,6,36,1100,35,2.7293781650374753,0.022965432344634346,0.864803089169032,COMPLETE
10,0.9874269676157291,2026-06-16 20:22:35.693309,2026-06-16 20:22:50.142457,0 days 00:00:14.449148,0.8465810262118119,0.0325408782213891,9,59,1500,210,0.09997616738405288,6.048695144184319,0.9538323976412588,COMPLETE
11,0.9871031139179404,2026-06-16 20:22:50.142457,2026-06-16 20:22:52.029286,0 days 00:00:01.886829,0.7980972218893148,0.03995037004045109,3,46,400,51,0.10862289420171278,0.0001356863122443577,0.7894529262901742,COMPLETE
12,0.9868714788536724,2026-06-16 20:22:52.029286,2026-06-16 20:23:00.571009,0 days 00:00:08.541723,0.439692223990582,0.22233691449613796,7,8,1400,53,9.317575742748433,0.1976962441447018,0.9600925952589205,COMPLETE
13,0.9873240075631622,2026-06-16 20:23:00.571009,2026-06-16 20:23:04.827350,0 days 00:00:04.256341,0.5449329597882039,0.038998377344405394,4,51,500,50,0.1799075589122039,0.0035496549232303517,0.8095839387020464,COMPLETE
14,0.9872357735716951,2026-06-16 20:23:04.827350,2026-06-16 20:23:12.124585,0 days 00:00:07.297235,0.7125128456818262,0.156175000029084,6,65,1300,84,0.32311141679323024,0.004020229935490064,0.8795879466483911,COMPLETE
15,0.9878693730702464,2026-06-16 20:23:12.124585,2026-06-16 20:23:18.817650,0 days 00:00:06.693065,0.8879041598285151,0.06014490747150357,9,6,500,15,2.0064175754585283,0.00021223426516052535,0.7238583506505946,COMPLETE
16,0.9875562952982532,2026-06-16 20:23:18.817650,2026-06-16 20:23:27.307901,0 days 00:00:08.490251,0.5447249676209361,0.02375055906588719,4,36,1100,35,0.008787108196266014,0.430532397713157,0.8754986180062628,COMPLETE
17,0.9865335604618816,2026-06-16 20:23:27.307901,2026-06-16 20:23:34.002414,0 days 00:00:06.694513,0.910655823622435,0.08389012487233569,7,21,600,115,0.041096237221927505,9.192497878431272,0.999152196758642,COMPLETE
18,0.9881051934688978,2026-06-16 20:23:34.002414,2026-06-16 20:23:39.614092,0 days 00:00:05.611678,0.7383848194128597,0.02244436240994719,4,44,900,65,7.250378839324483,0.009919122221659409,0.7507285077111833,COMPLETE
19,0.9863829534413028,2026-06-16 20:23:39.614092,2026-06-16 20:23:44.966502,0 days 00:00:05.352410,0.48885298667656546,0.17771986659368127,10,29,300,38,0.5670706635220955,0.0006161340184434973,0.6422452671718547,COMPLETE
20,0.987070967635779,2026-06-16 20:23:44.966502,2026-06-16 20:23:53.279267,0 days 00:00:08.312765,0.5916727974094229,0.058393970664223985,6,94,1300,117,0.00011431541785080484,0.054675779136205686,0.8224886970169392,COMPLETE
21,0.9877627868241693,2026-06-16 20:23:53.279267,2026-06-16 20:23:57.752721,0 days 00:00:04.473454,0.760923117869812,0.020056650211730098,4,44,900,63,3.7599556042820006,0.009680266268234459,0.7625393732807757,COMPLETE
22,0.9874517357942509,2026-06-16 20:23:57.752721,2026-06-16 20:24:02.902809,0 days 00:00:05.150088,0.8473612892503564,0.018588700031671988,3,14,900,68,9.712905031234849,0.004080183433830355,0.7203590220190309,COMPLETE
23,0.9872195200464472,2026-06-16 20:24:02.902809,2026-06-16 20:24:09.620190,0 days 00:00:06.717381,0.6979894535377399,0.04439326713645535,5,42,1100,41,1.4929505589407628,0.011150681122631298,0.7443989606547154,COMPLETE
24,0.9873941926515994,2026-06-16 20:24:09.620190,2026-06-16 20:24:14.494525,0 days 00:00:04.874335,0.9300232834666233,0.029185522846543344,4,59,700,91,3.6554245724615124,0.0003129077792598976,0.9148801356525339,COMPLETE
25,0.9880083912593657,2026-06-16 20:24:14.494525,2026-06-16 20:24:19.133384,0 days 00:00:04.638859,0.8397481790786633,0.10507384911455796,5,16,1000,60,4.530655207943552,0.0016849310933290055,0.8364173367413743,COMPLETE
26,0.9877644056238476,2026-06-16 20:24:19.133384,2026-06-16 20:24:22.685073,0 days 00:00:03.551689,0.7252772202318978,0.15850121616618737,3,28,800,30,1.3634433975530456,0.4498684155633986,0.6313532119801184,COMPLETE
27,0.9867336388179813,2026-06-16 20:24:22.685073,2026-06-16 20:24:31.630573,0 days 00:00:08.945500,0.9530237712184754,0.08057731422427211,7,13,600,43,0.40634973990542866,0.013486788127668365,0.7686309248169342,COMPLETE
28,0.987368528652309,2026-06-16 20:24:31.630573,2026-06-16 20:24:36.895840,0 days 00:00:05.265267,0.88268640547287,0.047565015784966,4,55,1200,67,1.1118607730040253,0.00048117205362054006,0.7060069586138938,COMPLETE
29,0.9875534214780544,2026-06-16 20:24:36.895840,2026-06-16 20:24:43.668652,0 days 00:00:06.772812,0.41606096110956126,0.12064037091839042,6,67,800,94,2.4659397597537533,0.11585344194254159,0.5894363245398411,COMPLETE
